{
  "RSpec": {
    "coverage": {
      "/vagrant/myexpertise/spec/models/image_spec.rb": [
        1,
        null,
        1,
        null,
        null,
        1,
        null,
        1,
        null,
        null,
        0,
        0,
        0,
        0,
        null,
        null,
        0,
        0,
        0,
        0,
        0,
        null,
        null,
        0,
        null,
        null,
        null,
        1,
        1,
        1,
        1,
        null,
        1,
        null,
        1,
        1,
        1,
        1,
        null,
        1,
        1,
        1,
        null,
        1,
        1,
        1,
        null,
        null,
        0,
        0,
        0,
        0,
        null,
        null,
        null,
        null,
        0,
        null,
        0,
        0,
        0,
        0,
        0,
        0,
        0,
        0,
        null,
        null,
        null,
        0,
        0,
        0,
        0,
        null,
        0,
        0,
        0,
        0,
        0,
        0,
        null,
        null,
        null,
        0,
        0,
        0,
        0,
        0,
        0,
        0,
        0,
        0,
        0,
        null,
        null,
        null,
        0,
        0,
        0,
        0,
        0,
        0,
        0,
        0,
        0,
        0,
        null,
        null,
        null,
        null,
        null,
        null,
        null,
        null,
        null,
        null,
        null,
        null
      ],
      "/vagrant/myexpertise/spec/rails_helper.rb": [
        1,
        1,
        1,
        1,
        1,
        1,
        1,
        1,
        null,
        null,
        null,
        null,
        null,
        null,
        null,
        null,
        3,
        null,
        null,
        null,
        1,
        null,
        null,
        null,
        1,
        null,
        1,
        1,
        1,
        null,
        null,
        1,
        1,
        1,
        null,
        1,
        1,
        null,
        1,
        null,
        1,
        null,
        1,
        null,
        null,
        null,
        null,
        null,
        1,
        null,
        null,
        null,
        null,
        1,
        0,
        null,
        null,
        1,
        0,
        null,
        null,
        1,
        0,
        null,
        null,
        1,
        0,
        null,
        null,
        null,
        null,
        null,
        null,
        null,
        1,
        0,
        0,
        null,
        null,
        null,
        1,
        1,
        null,
        1,
        null
      ],
      "/vagrant/myexpertise/config/environment.rb": [
        null,
        1,
        null,
        null,
        1
      ],
      "/vagrant/myexpertise/config/application.rb": [
        1,
        null,
        1,
        null,
        null,
        null,
        1,
        null,
        1,
        1,
        null,
        null,
        null,
        null,
        null,
        1,
        1,
        1,
        null,
        null,
        null
      ],
      "/vagrant/myexpertise/config/boot.rb": [
        1,
        null,
        1
      ],
      "/vagrant/myexpertise/config/environments/test.rb": [
        1,
        null,
        null,
        null,
        null,
        null,
        null,
        1,
        null,
        null,
        null,
        null,
        1,
        null,
        null,
        1,
        1,
        null,
        null,
        null,
        null,
        1,
        1,
        null,
        null,
        1,
        null,
        null,
        1,
        1,
        null,
        null,
        null,
        null,
        1,
        null,
        null,
        1,
        null,
        null,
        null,
        null
      ],
      "/vagrant/myexpertise/config/initializers/application_controller_renderer.rb": [
        null,
        null,
        null,
        null,
        null,
        null
      ],
      "/vagrant/myexpertise/config/initializers/assets.rb": [
        null,
        null,
        null,
        1,
        null,
        null,
        null,
        1,
        null,
        null,
        null
      ],
      "/vagrant/myexpertise/config/initializers/backtrace_silencers.rb": [
        null,
        null,
        null,
        null,
        null,
        null,
        null
      ],
      "/vagrant/myexpertise/config/initializers/cookies_serializer.rb": [
        null,
        null,
        null,
        null,
        1
      ],
      "/vagrant/myexpertise/config/initializers/filter_parameter_logging.rb": [
        null,
        null,
        null,
        1
      ],
      "/vagrant/myexpertise/config/initializers/i18n.rb": [
        1,
        1
      ],
      "/vagrant/myexpertise/config/initializers/inflections.rb": [
        null,
        null,
        null,
        null,
        null,
        null,
        null,
        null,
        null,
        null,
        null,
        null,
        null,
        null,
        null,
        null
      ],
      "/vagrant/myexpertise/config/initializers/mime_types.rb": [
        null,
        null,
        null,
        null
      ],
      "/vagrant/myexpertise/config/initializers/new_framework_defaults.rb": [
        null,
        null,
        null,
        null,
        null,
        null,
        null,
        1,
        null,
        null,
        1,
        null,
        null,
        null,
        1,
        null,
        null,
        1,
        null,
        null,
        1,
        null,
        null,
        1
      ],
      "/vagrant/myexpertise/config/initializers/session_store.rb": [
        null,
        null,
        1
      ],
      "/vagrant/myexpertise/config/initializers/wrap_parameters.rb": [
        null,
        null,
        null,
        null,
        null,
        null,
        1,
        2,
        null,
        null,
        null,
        null,
        null,
        null
      ],
      "/vagrant/myexpertise/spec/factories/images.rb": [
        1,
        1,
        null,
        1,
        1,
        1,
        1,
        null,
        null,
        null,
        1,
        1,
        1,
        1,
        1,
        null,
        null,
        1,
        1,
        1,
        1,
        1,
        null,
        null,
        1,
        1,
        1,
        1,
        1,
        null,
        null,
        null
      ],
      "/vagrant/myexpertise/app/models/image.rb": [
        1,
        1,
        null,
        1,
        1,
        null
      ],
      "/vagrant/myexpertise/app/models/application_record.rb": [
        1,
        1,
        null
      ],
      "/vagrant/myexpertise/spec/factories/users.rb": [
        1,
        1,
        1,
        1,
        1,
        1,
        null,
        null,
        1,
        1,
        1,
        1,
        1,
        null,
        null,
        1,
        1,
        1,
        1,
        1,
        null,
        null,
        null
      ],
      "/vagrant/myexpertise/app/models/user.rb": [
        1,
        null,
        1,
        null,
        1,
        null,
        1,
        null,
        null,
        null,
        1,
        1,
        null,
        null,
        null,
        1,
        1,
        null,
        null,
        1,
        null,
        null,
        null,
        null,
        null,
        0,
        null,
        null,
        null,
        1,
        0,
        null,
        null,
        1,
        0,
        null,
        null,
        1,
        null,
        1,
        0,
        null,
        null,
        null
      ],
      "/vagrant/myexpertise/config/routes.rb": [
        1,
        null,
        1,
        1,
        1,
        1,
        1,
        1,
        null,
        null,
        1,
        null,
        null,
        null,
        1,
        1,
        1,
        null,
        null,
        null,
        1,
        1,
        1,
        1,
        null,
        1,
        1,
        1,
        1,
        null,
        null,
        1,
        1,
        1,
        null,
        null
      ],
      "/vagrant/myexpertise/spec/support/behaviours/images/successful_images_rows_count.rb": [
        1,
        1,
        0,
        0,
        0,
        null,
        null
      ],
      "/vagrant/myexpertise/spec/support/behaviours/users/successful_users_count.rb": [
        1,
        1,
        0,
        0,
        0,
        null,
        null
      ]
    },
    "timestamp": 1484145499
  }
}
